0 info it worked if it ends with ok
1 verbose cli [ 'D:\\languages\\nodejs\\node.exe',
1 verbose cli   'C:\\Users\\oracl\\AppData\\Roaming\\npm\\node_modules\\npm\\bin\\npm-cli.js',
1 verbose cli   'start' ]
2 info using npm@3.10.10
3 info using node@v8.11.2
4 verbose run-script [ 'prestart', 'start', 'poststart' ]
5 info lifecycle reactjsTemplate@1.0.0~prestart: reactjsTemplate@1.0.0
6 silly lifecycle reactjsTemplate@1.0.0~prestart: no script for prestart, continuing
7 info lifecycle reactjsTemplate@1.0.0~start: reactjsTemplate@1.0.0
8 verbose lifecycle reactjsTemplate@1.0.0~start: unsafe-perm in lifecycle true
9 verbose lifecycle reactjsTemplate@1.0.0~start: PATH: C:\Users\oracl\AppData\Roaming\npm\node_modules\npm\bin\node-gyp-bin;D:\projects\programming\templateBuilder\reactjsTemplate\node_modules\.bin;C:\Program Files (x86)\Razer Chroma SDK\bin;C:\Program Files\Razer Chroma SDK\bin;C:\Program Files\Docker\Docker\Resources\bin;C:\Program Files (x86)\NVIDIA Corporation\PhysX\Common;C:\WINDOWS\system32;C:\WINDOWS;C:\WINDOWS\System32\Wbem;C:\WINDOWS\System32\WindowsPowerShell\v1.0\;D:\languages\python2.7;D:\languages\python3.6;D:\languages\python3.6\Scripts;D:\languages\python2.7\Scripts;D:\languages\nodejs\;C:\WINDOWS\system32\config\systemprofile\AppData\Local\Microsoft\WindowsApps;C:\Program Files (x86)\Windows Kits\8.1\Windows Performance Toolkit\;%SystemRoot%\system32;%SystemRoot%;%SystemRoot%\System32\Wbem;%SYSTEMROOT%\System32\WindowsPowerShell\v1.0\;%SYSTEMROOT%\System32\OpenSSH\;C:\Users\oracl\AppData\Local\Microsoft\WindowsApps;D:\Docker Toolbox;C:\Users\oracl\AppData\Local\atom\bin;C:\Users\oracl\AppData\Roaming\npm;D:\languages\spark\spark-2.3.0-bin-hadoop2.7\bin;C:\Program Files\Java\jre1.8.0_172\bin;;C:\Users\oracl\AppData\Local\Microsoft\WindowsApps
10 verbose lifecycle reactjsTemplate@1.0.0~start: CWD: D:\projects\programming\templateBuilder\reactjsTemplate
11 silly lifecycle reactjsTemplate@1.0.0~start: Args: [ '/d /s /c', 'webpack-dev-server' ]
12 silly lifecycle reactjsTemplate@1.0.0~start: Returned: code: 1  signal: null
13 info lifecycle reactjsTemplate@1.0.0~start: Failed to exec start script
14 verbose stack Error: reactjsTemplate@1.0.0 start: `webpack-dev-server`
14 verbose stack Exit status 1
14 verbose stack     at EventEmitter.<anonymous> (C:\Users\oracl\AppData\Roaming\npm\node_modules\npm\lib\utils\lifecycle.js:255:16)
14 verbose stack     at emitTwo (events.js:126:13)
14 verbose stack     at EventEmitter.emit (events.js:214:7)
14 verbose stack     at ChildProcess.<anonymous> (C:\Users\oracl\AppData\Roaming\npm\node_modules\npm\lib\utils\spawn.js:40:14)
14 verbose stack     at emitTwo (events.js:126:13)
14 verbose stack     at ChildProcess.emit (events.js:214:7)
14 verbose stack     at maybeClose (internal/child_process.js:925:16)
14 verbose stack     at Process.ChildProcess._handle.onexit (internal/child_process.js:209:5)
15 verbose pkgid reactjsTemplate@1.0.0
16 verbose cwd D:\projects\programming\templateBuilder\reactjsTemplate
17 error Windows_NT 10.0.17134
18 error argv "D:\\languages\\nodejs\\node.exe" "C:\\Users\\oracl\\AppData\\Roaming\\npm\\node_modules\\npm\\bin\\npm-cli.js" "start"
19 error node v8.11.2
20 error npm  v3.10.10
21 error code ELIFECYCLE
22 error reactjsTemplate@1.0.0 start: `webpack-dev-server`
22 error Exit status 1
23 error Failed at the reactjsTemplate@1.0.0 start script 'webpack-dev-server'.
23 error Make sure you have the latest version of node.js and npm installed.
23 error If you do, this is most likely a problem with the reactjsTemplate package,
23 error not with npm itself.
23 error Tell the author that this fails on your system:
23 error     webpack-dev-server
23 error You can get information on how to open an issue for this project with:
23 error     npm bugs reactjsTemplate
23 error Or if that isn't available, you can get their info via:
23 error     npm owner ls reactjsTemplate
23 error There is likely additional logging output above.
24 verbose exit [ 1, true ]
